// 文　リクエストログ
// load 時刻 : 2019/04/22 22:38:44

// 辞書ファイル読み込み
// - E:\LostXmas\cssp\ghost\LostXmas\ghost\master\yaya_shiori3.dic
// - E:\LostXmas\cssp\ghost\LostXmas\ghost\master\yaya_compatible.dic
// - E:\LostXmas\cssp\ghost\LostXmas\ghost\master\Nothing_word.dic
// - E:\LostXmas\cssp\ghost\LostXmas\ghost\master\Nothing_aitalk.dic
// - E:\LostXmas\cssp\ghost\LostXmas\ghost\master\Nothing_bootend.dic
// - E:\LostXmas\cssp\ghost\LostXmas\ghost\master\Nothing_communicate.dic
// - E:\LostXmas\cssp\ghost\LostXmas\ghost\master\Nothing_menu.dic
// - E:\LostXmas\cssp\ghost\LostXmas\ghost\master\Nothing_react.dic
// - E:\LostXmas\cssp\ghost\LostXmas\ghost\master\Nothing_string.dic
// - E:\LostXmas\cssp\ghost\LostXmas\ghost\master\Nothing_etc.dic
// - E:\LostXmas\cssp\ghost\LostXmas\ghost\master\Nothing_tooltip.dic
// - E:\LostXmas\cssp\ghost\LostXmas\ghost\master\Nothing_talks.dic
// - E:\LostXmas\cssp\ghost\LostXmas\ghost\master\Nothing_change.dic
// - E:\LostXmas\cssp\ghost\LostXmas\ghost\master\MyProgram.dic
...完了.

// 辞書の構文解析と中間コード生成
...完了.

// 変数値の復元 - E:\LostXmas\cssp\ghost\LostXmas\ghost\master\yaya_variable.cfg
-(-) : note N0000 : 前回実行時の変数値の復元は行われませんでした.
// 変数値の復元 - E:\LostXmas\cssp\ghost\LostXmas\ghost\master\aya5_variable.cfg
-(-) : note N0000 : 前回実行時の変数値の復元は行われませんでした.
// 変数値の保存 - E:\LostXmas\cssp\ghost\LostXmas\ghost\master\yaya_variable.cfg
...完了.

E:\LostXmas\cssp\ghost\LostXmas\ghost\master\Nothing_bootend.dic(62) : warning W0013 : 処理に失敗しました. : FREAD
E:\LostXmas\cssp\ghost\LostXmas\ghost\master\Nothing_bootend.dic(63) : warning W0015 : 指定されたファイルはオープンしていません.
E:\LostXmas\cssp\ghost\LostXmas\ghost\master\Nothing_bootend.dic(71) : warning W0013 : 処理に失敗しました. : FREAD
E:\LostXmas\cssp\ghost\LostXmas\ghost\master\Nothing_bootend.dic(72) : warning W0015 : 指定されたファイルはオープンしていません.
E:\LostXmas\cssp\ghost\LostXmas\ghost\master\Nothing_bootend.dic(80) : warning W0013 : 処理に失敗しました. : FREAD
E:\LostXmas\cssp\ghost\LostXmas\ghost\master\Nothing_bootend.dic(81) : warning W0015 : 指定されたファイルはオープンしていません.
E:\LostXmas\cssp\ghost\LostXmas\ghost\master\Nothing_bootend.dic(62) : warning W0013 : 処理に失敗しました. : FREAD
E:\LostXmas\cssp\ghost\LostXmas\ghost\master\Nothing_bootend.dic(63) : warning W0015 : 指定されたファイルはオープンしていません.
E:\LostXmas\cssp\ghost\LostXmas\ghost\master\Nothing_bootend.dic(71) : warning W0013 : 処理に失敗しました. : FREAD
E:\LostXmas\cssp\ghost\LostXmas\ghost\master\Nothing_bootend.dic(72) : warning W0015 : 指定されたファイルはオープンしていません.
E:\LostXmas\cssp\ghost\LostXmas\ghost\master\Nothing_bootend.dic(80) : warning W0013 : 処理に失敗しました. : FREAD
E:\LostXmas\cssp\ghost\LostXmas\ghost\master\Nothing_bootend.dic(81) : warning W0015 : 指定されたファイルはオープンしていません.
E:\LostXmas\cssp\ghost\LostXmas\ghost\master\Nothing_bootend.dic(62) : warning W0013 : 処理に失敗しました. : FREAD
E:\LostXmas\cssp\ghost\LostXmas\ghost\master\Nothing_bootend.dic(63) : warning W0015 : 指定されたファイルはオープンしていません.
E:\LostXmas\cssp\ghost\LostXmas\ghost\master\Nothing_bootend.dic(71) : warning W0013 : 処理に失敗しました. : FREAD
E:\LostXmas\cssp\ghost\LostXmas\ghost\master\Nothing_bootend.dic(72) : warning W0015 : 指定されたファイルはオープンしていません.
E:\LostXmas\cssp\ghost\LostXmas\ghost\master\Nothing_bootend.dic(80) : warning W0013 : 処理に失敗しました. : FREAD
E:\LostXmas\cssp\ghost\LostXmas\ghost\master\Nothing_bootend.dic(81) : warning W0015 : 指定されたファイルはオープンしていません.
E:\LostXmas\cssp\ghost\LostXmas\ghost\master\Nothing_bootend.dic(62) : warning W0013 : 処理に失敗しました. : FREAD
E:\LostXmas\cssp\ghost\LostXmas\ghost\master\Nothing_bootend.dic(63) : warning W0015 : 指定されたファイルはオープンしていません.
E:\LostXmas\cssp\ghost\LostXmas\ghost\master\Nothing_bootend.dic(71) : warning W0013 : 処理に失敗しました. : FREAD
E:\LostXmas\cssp\ghost\LostXmas\ghost\master\Nothing_bootend.dic(72) : warning W0015 : 指定されたファイルはオープンしていません.
E:\LostXmas\cssp\ghost\LostXmas\ghost\master\Nothing_bootend.dic(80) : warning W0013 : 処理に失敗しました. : FREAD
E:\LostXmas\cssp\ghost\LostXmas\ghost\master\Nothing_bootend.dic(81) : warning W0015 : 指定されたファイルはオープンしていません.
E:\LostXmas\cssp\ghost\LostXmas\ghost\master\Nothing_bootend.dic(62) : warning W0013 : 処理に失敗しました. : FREAD
E:\LostXmas\cssp\ghost\LostXmas\ghost\master\Nothing_bootend.dic(63) : warning W0015 : 指定されたファイルはオープンしていません.
E:\LostXmas\cssp\ghost\LostXmas\ghost\master\Nothing_bootend.dic(71) : warning W0013 : 処理に失敗しました. : FREAD
E:\LostXmas\cssp\ghost\LostXmas\ghost\master\Nothing_bootend.dic(72) : warning W0015 : 指定されたファイルはオープンしていません.
E:\LostXmas\cssp\ghost\LostXmas\ghost\master\Nothing_bootend.dic(80) : warning W0013 : 処理に失敗しました. : FREAD
E:\LostXmas\cssp\ghost\LostXmas\ghost\master\Nothing_bootend.dic(81) : warning W0015 : 指定されたファイルはオープンしていません.
E:\LostXmas\cssp\ghost\LostXmas\ghost\master\Nothing_bootend.dic(62) : warning W0013 : 処理に失敗しました. : FREAD
E:\LostXmas\cssp\ghost\LostXmas\ghost\master\Nothing_bootend.dic(63) : warning W0015 : 指定されたファイルはオープンしていません.
E:\LostXmas\cssp\ghost\LostXmas\ghost\master\Nothing_bootend.dic(71) : warning W0013 : 処理に失敗しました. : FREAD
E:\LostXmas\cssp\ghost\LostXmas\ghost\master\Nothing_bootend.dic(72) : warning W0015 : 指定されたファイルはオープンしていません.
E:\LostXmas\cssp\ghost\LostXmas\ghost\master\Nothing_bootend.dic(80) : warning W0013 : 処理に失敗しました. : FREAD
E:\LostXmas\cssp\ghost\LostXmas\ghost\master\Nothing_bootend.dic(81) : warning W0015 : 指定されたファイルはオープンしていません.
E:\LostXmas\cssp\ghost\LostXmas\ghost\master\Nothing_bootend.dic(62) : warning W0013 : 処理に失敗しました. : FREAD
E:\LostXmas\cssp\ghost\LostXmas\ghost\master\Nothing_bootend.dic(63) : warning W0015 : 指定されたファイルはオープンしていません.
E:\LostXmas\cssp\ghost\LostXmas\ghost\master\Nothing_bootend.dic(71) : warning W0013 : 処理に失敗しました. : FREAD
E:\LostXmas\cssp\ghost\LostXmas\ghost\master\Nothing_bootend.dic(72) : warning W0015 : 指定されたファイルはオープンしていません.
E:\LostXmas\cssp\ghost\LostXmas\ghost\master\Nothing_bootend.dic(80) : warning W0013 : 処理に失敗しました. : FREAD
E:\LostXmas\cssp\ghost\LostXmas\ghost\master\Nothing_bootend.dic(81) : warning W0015 : 指定されたファイルはオープンしていません.
